2025-01-21 08:40:23.835 | INFO     | utils.utils_logger:<module>:38 - Logging to file: logs/project_log.log
2025-01-21 08:40:23.836 | INFO     | __main__:main:103 - START producer.
2025-01-21 08:40:23.836 | INFO     | utils.utils_producer:get_zookeeper_address:57 - Zookeeper address: localhost:2181
2025-01-21 08:40:23.840 | ERROR    | utils.utils_producer:check_zookeeper_service_is_ready:82 - Error checking Zookeeper readiness: [Errno 61] Connection refused
2025-01-21 08:40:23.840 | ERROR    | utils.utils_producer:verify_services:114 - Zookeeper is not ready. Please check your Zookeeper setup. Exiting...
2025-01-21 08:42:07.562 | INFO     | utils.utils_logger:<module>:38 - Logging to file: logs/project_log.log
2025-01-21 08:42:07.563 | INFO     | __main__:main:103 - START producer.
2025-01-21 08:42:07.563 | INFO     | utils.utils_producer:get_zookeeper_address:57 - Zookeeper address: localhost:2181
2025-01-21 08:42:07.566 | INFO     | utils.utils_producer:check_zookeeper_service_is_ready:79 - Zookeeper is ready at localhost:2181.
2025-01-21 08:42:07.566 | INFO     | utils.utils_producer:get_kafka_broker_address:50 - Kafka broker address: localhost:9092
2025-01-21 08:42:07.667 | ERROR    | utils.utils_producer:check_kafka_service_is_ready:102 - Error checking Kafka: NoBrokersAvailable
2025-01-21 08:42:07.667 | ERROR    | utils.utils_producer:verify_services:121 - Kafka broker is not ready. Please check your Kafka setup. Exiting...
2025-01-21 08:42:26.508 | INFO     | utils.utils_logger:<module>:38 - Logging to file: logs/project_log.log
2025-01-21 08:42:26.509 | INFO     | __main__:main:103 - START producer.
2025-01-21 08:42:26.509 | INFO     | utils.utils_producer:get_zookeeper_address:57 - Zookeeper address: localhost:2181
2025-01-21 08:42:26.513 | INFO     | utils.utils_producer:check_zookeeper_service_is_ready:79 - Zookeeper is ready at localhost:2181.
2025-01-21 08:42:26.513 | INFO     | utils.utils_producer:get_kafka_broker_address:50 - Kafka broker address: localhost:9092
2025-01-21 08:42:26.614 | ERROR    | utils.utils_producer:check_kafka_service_is_ready:102 - Error checking Kafka: NoBrokersAvailable
2025-01-21 08:42:26.614 | ERROR    | utils.utils_producer:verify_services:121 - Kafka broker is not ready. Please check your Kafka setup. Exiting...
2025-01-21 08:43:34.646 | INFO     | utils.utils_logger:<module>:38 - Logging to file: logs/project_log.log
2025-01-21 08:43:34.647 | INFO     | __main__:main:103 - START producer.
2025-01-21 08:43:34.647 | INFO     | utils.utils_producer:get_zookeeper_address:57 - Zookeeper address: localhost:2181
2025-01-21 08:43:34.650 | INFO     | utils.utils_producer:check_zookeeper_service_is_ready:79 - Zookeeper is ready at localhost:2181.
2025-01-21 08:43:34.650 | INFO     | utils.utils_producer:get_kafka_broker_address:50 - Kafka broker address: localhost:9092
2025-01-21 08:43:34.751 | ERROR    | utils.utils_producer:check_kafka_service_is_ready:102 - Error checking Kafka: NoBrokersAvailable
2025-01-21 08:43:34.751 | ERROR    | utils.utils_producer:verify_services:121 - Kafka broker is not ready. Please check your Kafka setup. Exiting...
2025-01-21 08:45:37.181 | INFO     | utils.utils_logger:<module>:38 - Logging to file: logs/project_log.log
2025-01-21 08:45:37.182 | INFO     | __main__:main:103 - START producer.
2025-01-21 08:45:37.182 | INFO     | utils.utils_producer:get_zookeeper_address:57 - Zookeeper address: localhost:2181
2025-01-21 08:45:37.185 | INFO     | utils.utils_producer:check_zookeeper_service_is_ready:79 - Zookeeper is ready at localhost:2181.
2025-01-21 08:45:37.186 | INFO     | utils.utils_producer:get_kafka_broker_address:50 - Kafka broker address: localhost:9092
2025-01-21 08:45:37.520 | INFO     | utils.utils_producer:check_kafka_service_is_ready:98 - Kafka is ready. Brokers: {'throttle_time_ms': 0, 'brokers': [{'node_id': 0, 'host': 'mac.lan', 'port': 9092, 'rack': None}], 'cluster_id': 'S1EN9onKTNi1lyvf3wFNGA', 'controller_id': 0}
2025-01-21 08:45:37.521 | INFO     | __main__:get_kafka_topic:41 - Kafka topic: buzzline
2025-01-21 08:45:37.521 | INFO     | __main__:get_message_interval:48 - Message interval: 1 seconds
2025-01-21 08:45:37.521 | INFO     | utils.utils_producer:get_kafka_broker_address:50 - Kafka broker address: localhost:9092
2025-01-21 08:45:37.521 | INFO     | utils.utils_producer:create_kafka_producer:146 - Connecting to Kafka broker at localhost:9092...
2025-01-21 08:45:37.632 | INFO     | utils.utils_producer:create_kafka_producer:151 - Kafka producer successfully created.
2025-01-21 08:45:37.633 | INFO     | utils.utils_producer:get_kafka_broker_address:50 - Kafka broker address: localhost:9092
2025-01-21 08:45:37.961 | INFO     | utils.utils_producer:create_kafka_topic:176 - Creating 'buzzline'.
2025-01-21 08:45:38.116 | INFO     | utils.utils_producer:create_kafka_topic:181 - Topic 'buzzline' created successfully.
2025-01-21 08:45:38.117 | INFO     | __main__:main:119 - Kafka topic 'buzzline' is ready.
2025-01-21 08:45:38.117 | INFO     | __main__:main:125 - Starting message production to topic 'buzzline'...
2025-01-21 08:45:38.117 | INFO     | __main__:generate_messages:77 - Generated buzz: I love Python!
2025-01-21 08:45:38.172 | INFO     | __main__:generate_messages:79 - Sent message to topic 'buzzline': I love Python!
2025-01-21 08:45:39.177 | INFO     | __main__:generate_messages:77 - Generated buzz: Kafka is awesome.
2025-01-21 08:45:39.177 | INFO     | __main__:generate_messages:79 - Sent message to topic 'buzzline': Kafka is awesome.
2025-01-21 08:45:40.183 | INFO     | __main__:generate_messages:77 - Generated buzz: Streaming data is fun.
2025-01-21 08:45:40.183 | INFO     | __main__:generate_messages:79 - Sent message to topic 'buzzline': Streaming data is fun.
2025-01-21 08:45:41.185 | INFO     | __main__:generate_messages:77 - Generated buzz: This is a buzz message.
2025-01-21 08:45:41.186 | INFO     | __main__:generate_messages:79 - Sent message to topic 'buzzline': This is a buzz message.
2025-01-21 08:45:42.191 | INFO     | __main__:generate_messages:77 - Generated buzz: Have a great day!
2025-01-21 08:45:42.192 | INFO     | __main__:generate_messages:79 - Sent message to topic 'buzzline': Have a great day!
2025-01-21 08:45:43.198 | INFO     | __main__:generate_messages:77 - Generated buzz: I love Python!
2025-01-21 08:45:43.199 | INFO     | __main__:generate_messages:79 - Sent message to topic 'buzzline': I love Python!
2025-01-21 08:45:44.205 | INFO     | __main__:generate_messages:77 - Generated buzz: Kafka is awesome.
2025-01-21 08:45:44.205 | INFO     | __main__:generate_messages:79 - Sent message to topic 'buzzline': Kafka is awesome.
2025-01-21 08:45:45.210 | INFO     | __main__:generate_messages:77 - Generated buzz: Streaming data is fun.
2025-01-21 08:45:45.211 | INFO     | __main__:generate_messages:79 - Sent message to topic 'buzzline': Streaming data is fun.
2025-01-21 08:45:46.216 | INFO     | __main__:generate_messages:77 - Generated buzz: This is a buzz message.
2025-01-21 08:45:46.217 | INFO     | __main__:generate_messages:79 - Sent message to topic 'buzzline': This is a buzz message.
2025-01-21 08:45:47.220 | INFO     | __main__:generate_messages:77 - Generated buzz: Have a great day!
2025-01-21 08:45:47.221 | INFO     | __main__:generate_messages:79 - Sent message to topic 'buzzline': Have a great day!
2025-01-21 08:45:48.226 | INFO     | __main__:generate_messages:77 - Generated buzz: I love Python!
2025-01-21 08:45:48.227 | INFO     | __main__:generate_messages:79 - Sent message to topic 'buzzline': I love Python!
2025-01-21 08:45:49.229 | INFO     | __main__:generate_messages:77 - Generated buzz: Kafka is awesome.
2025-01-21 08:45:49.229 | INFO     | __main__:generate_messages:79 - Sent message to topic 'buzzline': Kafka is awesome.
2025-01-21 08:45:50.234 | INFO     | __main__:generate_messages:77 - Generated buzz: Streaming data is fun.
2025-01-21 08:45:50.235 | INFO     | __main__:generate_messages:79 - Sent message to topic 'buzzline': Streaming data is fun.
2025-01-21 08:45:51.239 | INFO     | __main__:generate_messages:77 - Generated buzz: This is a buzz message.
2025-01-21 08:45:51.240 | INFO     | __main__:generate_messages:79 - Sent message to topic 'buzzline': This is a buzz message.
2025-01-21 08:45:52.246 | INFO     | __main__:generate_messages:77 - Generated buzz: Have a great day!
2025-01-21 08:45:52.247 | INFO     | __main__:generate_messages:79 - Sent message to topic 'buzzline': Have a great day!
2025-01-21 08:45:53.251 | INFO     | __main__:generate_messages:77 - Generated buzz: I love Python!
2025-01-21 08:45:53.251 | INFO     | __main__:generate_messages:79 - Sent message to topic 'buzzline': I love Python!
2025-01-21 08:45:54.254 | INFO     | __main__:generate_messages:77 - Generated buzz: Kafka is awesome.
2025-01-21 08:45:54.254 | INFO     | __main__:generate_messages:79 - Sent message to topic 'buzzline': Kafka is awesome.
2025-01-21 08:45:55.260 | INFO     | __main__:generate_messages:77 - Generated buzz: Streaming data is fun.
2025-01-21 08:45:55.262 | INFO     | __main__:generate_messages:79 - Sent message to topic 'buzzline': Streaming data is fun.
2025-01-21 08:45:56.268 | INFO     | __main__:generate_messages:77 - Generated buzz: This is a buzz message.
2025-01-21 08:45:56.268 | INFO     | __main__:generate_messages:79 - Sent message to topic 'buzzline': This is a buzz message.
2025-01-21 08:45:57.273 | INFO     | __main__:generate_messages:77 - Generated buzz: Have a great day!
2025-01-21 08:45:57.274 | INFO     | __main__:generate_messages:79 - Sent message to topic 'buzzline': Have a great day!
2025-01-21 08:45:58.276 | INFO     | __main__:generate_messages:77 - Generated buzz: I love Python!
2025-01-21 08:45:58.277 | INFO     | __main__:generate_messages:79 - Sent message to topic 'buzzline': I love Python!
2025-01-21 08:45:59.284 | INFO     | __main__:generate_messages:77 - Generated buzz: Kafka is awesome.
2025-01-21 08:45:59.284 | INFO     | __main__:generate_messages:79 - Sent message to topic 'buzzline': Kafka is awesome.
2025-01-21 08:46:00.290 | INFO     | __main__:generate_messages:77 - Generated buzz: Streaming data is fun.
2025-01-21 08:46:00.291 | INFO     | __main__:generate_messages:79 - Sent message to topic 'buzzline': Streaming data is fun.
2025-01-21 08:46:01.293 | INFO     | __main__:generate_messages:77 - Generated buzz: This is a buzz message.
2025-01-21 08:46:01.294 | INFO     | __main__:generate_messages:79 - Sent message to topic 'buzzline': This is a buzz message.
2025-01-21 08:46:02.297 | INFO     | __main__:generate_messages:77 - Generated buzz: Have a great day!
2025-01-21 08:46:02.299 | INFO     | __main__:generate_messages:79 - Sent message to topic 'buzzline': Have a great day!
2025-01-21 08:46:03.305 | INFO     | __main__:generate_messages:77 - Generated buzz: I love Python!
2025-01-21 08:46:03.306 | INFO     | __main__:generate_messages:79 - Sent message to topic 'buzzline': I love Python!
2025-01-21 08:46:04.312 | INFO     | __main__:generate_messages:77 - Generated buzz: Kafka is awesome.
2025-01-21 08:46:04.312 | INFO     | __main__:generate_messages:79 - Sent message to topic 'buzzline': Kafka is awesome.
2025-01-21 08:46:05.317 | INFO     | __main__:generate_messages:77 - Generated buzz: Streaming data is fun.
2025-01-21 08:46:05.318 | INFO     | __main__:generate_messages:79 - Sent message to topic 'buzzline': Streaming data is fun.
2025-01-21 08:46:06.323 | INFO     | __main__:generate_messages:77 - Generated buzz: This is a buzz message.
2025-01-21 08:46:06.324 | INFO     | __main__:generate_messages:79 - Sent message to topic 'buzzline': This is a buzz message.
2025-01-21 08:46:07.330 | INFO     | __main__:generate_messages:77 - Generated buzz: Have a great day!
2025-01-21 08:46:07.331 | INFO     | __main__:generate_messages:79 - Sent message to topic 'buzzline': Have a great day!
2025-01-21 08:46:08.337 | INFO     | __main__:generate_messages:77 - Generated buzz: I love Python!
2025-01-21 08:46:08.337 | INFO     | __main__:generate_messages:79 - Sent message to topic 'buzzline': I love Python!
2025-01-21 08:46:09.339 | INFO     | __main__:generate_messages:77 - Generated buzz: Kafka is awesome.
2025-01-21 08:46:09.340 | INFO     | __main__:generate_messages:79 - Sent message to topic 'buzzline': Kafka is awesome.
2025-01-21 08:46:10.341 | INFO     | __main__:generate_messages:77 - Generated buzz: Streaming data is fun.
2025-01-21 08:46:10.342 | INFO     | __main__:generate_messages:79 - Sent message to topic 'buzzline': Streaming data is fun.
2025-01-21 08:46:11.187 | INFO     | utils.utils_logger:<module>:38 - Logging to file: logs/project_log.log
2025-01-21 08:46:11.188 | INFO     | __main__:main:78 - START consumer.
2025-01-21 08:46:11.188 | INFO     | __main__:get_kafka_topic:35 - Kafka topic: buzzline
2025-01-21 08:46:11.188 | INFO     | __main__:get_kafka_consumer_group_id:42 - Kafka consumer group id: default_group
2025-01-21 08:46:11.188 | INFO     | __main__:main:83 - Consumer: Topic 'buzzline' and group 'default_group'...
2025-01-21 08:46:11.188 | INFO     | utils.utils_producer:get_kafka_broker_address:50 - Kafka broker address: localhost:9092
2025-01-21 08:46:11.188 | INFO     | utils.utils_consumer:create_kafka_consumer:44 - Creating Kafka consumer. Topic='buzzline' and group ID='default_group'.
2025-01-21 08:46:11.301 | INFO     | utils.utils_consumer:create_kafka_consumer:57 - Kafka consumer created successfully.
2025-01-21 08:46:11.301 | INFO     | __main__:main:89 - Polling messages from topic 'buzzline'...
2025-01-21 08:46:11.344 | INFO     | __main__:generate_messages:77 - Generated buzz: This is a buzz message.
2025-01-21 08:46:11.344 | INFO     | __main__:generate_messages:79 - Sent message to topic 'buzzline': This is a buzz message.
2025-01-21 08:46:12.159 | INFO     | __main__:process_message:62 - Processing message: I love Python!
2025-01-21 08:46:12.159 | INFO     | __main__:process_message:62 - Processing message: Kafka is awesome.
2025-01-21 08:46:12.159 | INFO     | __main__:process_message:62 - Processing message: Streaming data is fun.
2025-01-21 08:46:12.159 | INFO     | __main__:process_message:62 - Processing message: This is a buzz message.
2025-01-21 08:46:12.159 | INFO     | __main__:process_message:62 - Processing message: Have a great day!
2025-01-21 08:46:12.159 | INFO     | __main__:process_message:62 - Processing message: I love Python!
2025-01-21 08:46:12.159 | INFO     | __main__:process_message:62 - Processing message: Kafka is awesome.
2025-01-21 08:46:12.160 | INFO     | __main__:process_message:62 - Processing message: Streaming data is fun.
2025-01-21 08:46:12.160 | INFO     | __main__:process_message:62 - Processing message: This is a buzz message.
2025-01-21 08:46:12.160 | INFO     | __main__:process_message:62 - Processing message: Have a great day!
2025-01-21 08:46:12.160 | INFO     | __main__:process_message:62 - Processing message: I love Python!
2025-01-21 08:46:12.160 | INFO     | __main__:process_message:62 - Processing message: Kafka is awesome.
2025-01-21 08:46:12.160 | INFO     | __main__:process_message:62 - Processing message: Streaming data is fun.
2025-01-21 08:46:12.160 | INFO     | __main__:process_message:62 - Processing message: This is a buzz message.
2025-01-21 08:46:12.160 | INFO     | __main__:process_message:62 - Processing message: Have a great day!
2025-01-21 08:46:12.160 | INFO     | __main__:process_message:62 - Processing message: I love Python!
2025-01-21 08:46:12.160 | INFO     | __main__:process_message:62 - Processing message: Kafka is awesome.
2025-01-21 08:46:12.160 | INFO     | __main__:process_message:62 - Processing message: Streaming data is fun.
2025-01-21 08:46:12.160 | INFO     | __main__:process_message:62 - Processing message: This is a buzz message.
2025-01-21 08:46:12.160 | INFO     | __main__:process_message:62 - Processing message: Have a great day!
2025-01-21 08:46:12.160 | INFO     | __main__:process_message:62 - Processing message: I love Python!
2025-01-21 08:46:12.160 | INFO     | __main__:process_message:62 - Processing message: Kafka is awesome.
2025-01-21 08:46:12.160 | INFO     | __main__:process_message:62 - Processing message: Streaming data is fun.
2025-01-21 08:46:12.160 | INFO     | __main__:process_message:62 - Processing message: This is a buzz message.
2025-01-21 08:46:12.160 | INFO     | __main__:process_message:62 - Processing message: Have a great day!
2025-01-21 08:46:12.160 | INFO     | __main__:process_message:62 - Processing message: I love Python!
2025-01-21 08:46:12.160 | INFO     | __main__:process_message:62 - Processing message: Kafka is awesome.
2025-01-21 08:46:12.160 | INFO     | __main__:process_message:62 - Processing message: Streaming data is fun.
2025-01-21 08:46:12.160 | INFO     | __main__:process_message:62 - Processing message: This is a buzz message.
2025-01-21 08:46:12.160 | INFO     | __main__:process_message:62 - Processing message: Have a great day!
2025-01-21 08:46:12.160 | INFO     | __main__:process_message:62 - Processing message: I love Python!
2025-01-21 08:46:12.161 | INFO     | __main__:process_message:62 - Processing message: Kafka is awesome.
2025-01-21 08:46:12.161 | INFO     | __main__:process_message:62 - Processing message: Streaming data is fun.
2025-01-21 08:46:12.161 | INFO     | __main__:process_message:62 - Processing message: This is a buzz message.
2025-01-21 08:46:12.349 | INFO     | __main__:generate_messages:77 - Generated buzz: Have a great day!
2025-01-21 08:46:12.350 | INFO     | __main__:generate_messages:79 - Sent message to topic 'buzzline': Have a great day!
2025-01-21 08:46:12.356 | INFO     | __main__:process_message:62 - Processing message: Have a great day!
2025-01-21 08:46:13.355 | INFO     | __main__:generate_messages:77 - Generated buzz: I love Python!
2025-01-21 08:46:13.356 | INFO     | __main__:generate_messages:79 - Sent message to topic 'buzzline': I love Python!
2025-01-21 08:46:13.369 | INFO     | __main__:process_message:62 - Processing message: I love Python!
2025-01-21 08:46:14.362 | INFO     | __main__:generate_messages:77 - Generated buzz: Kafka is awesome.
2025-01-21 08:46:14.363 | INFO     | __main__:generate_messages:79 - Sent message to topic 'buzzline': Kafka is awesome.
2025-01-21 08:46:14.368 | INFO     | __main__:process_message:62 - Processing message: Kafka is awesome.
2025-01-21 08:46:15.368 | INFO     | __main__:generate_messages:77 - Generated buzz: Streaming data is fun.
2025-01-21 08:46:15.368 | INFO     | __main__:generate_messages:79 - Sent message to topic 'buzzline': Streaming data is fun.
2025-01-21 08:46:15.376 | INFO     | __main__:process_message:62 - Processing message: Streaming data is fun.
2025-01-21 08:46:16.374 | INFO     | __main__:generate_messages:77 - Generated buzz: This is a buzz message.
2025-01-21 08:46:16.375 | INFO     | __main__:generate_messages:79 - Sent message to topic 'buzzline': This is a buzz message.
2025-01-21 08:46:16.385 | INFO     | __main__:process_message:62 - Processing message: This is a buzz message.
2025-01-21 08:46:17.377 | INFO     | __main__:generate_messages:77 - Generated buzz: Have a great day!
2025-01-21 08:46:17.378 | INFO     | __main__:generate_messages:79 - Sent message to topic 'buzzline': Have a great day!
2025-01-21 08:46:17.386 | INFO     | __main__:process_message:62 - Processing message: Have a great day!
2025-01-21 08:46:18.384 | INFO     | __main__:generate_messages:77 - Generated buzz: I love Python!
2025-01-21 08:46:18.384 | INFO     | __main__:generate_messages:79 - Sent message to topic 'buzzline': I love Python!
2025-01-21 08:46:18.392 | INFO     | __main__:process_message:62 - Processing message: I love Python!
2025-01-21 08:46:19.387 | INFO     | __main__:generate_messages:77 - Generated buzz: Kafka is awesome.
2025-01-21 08:46:19.388 | INFO     | __main__:generate_messages:79 - Sent message to topic 'buzzline': Kafka is awesome.
2025-01-21 08:46:19.395 | INFO     | __main__:process_message:62 - Processing message: Kafka is awesome.
2025-01-21 08:46:20.394 | INFO     | __main__:generate_messages:77 - Generated buzz: Streaming data is fun.
2025-01-21 08:46:20.395 | INFO     | __main__:generate_messages:79 - Sent message to topic 'buzzline': Streaming data is fun.
2025-01-21 08:46:20.406 | INFO     | __main__:process_message:62 - Processing message: Streaming data is fun.
2025-01-21 08:46:21.397 | INFO     | __main__:generate_messages:77 - Generated buzz: This is a buzz message.
2025-01-21 08:46:21.397 | INFO     | __main__:generate_messages:79 - Sent message to topic 'buzzline': This is a buzz message.
2025-01-21 08:46:21.407 | INFO     | __main__:process_message:62 - Processing message: This is a buzz message.
2025-01-21 08:46:22.402 | INFO     | __main__:generate_messages:77 - Generated buzz: Have a great day!
2025-01-21 08:46:22.404 | INFO     | __main__:generate_messages:79 - Sent message to topic 'buzzline': Have a great day!
2025-01-21 08:46:22.413 | INFO     | __main__:process_message:62 - Processing message: Have a great day!
2025-01-21 08:46:23.410 | INFO     | __main__:generate_messages:77 - Generated buzz: I love Python!
2025-01-21 08:46:23.411 | INFO     | __main__:generate_messages:79 - Sent message to topic 'buzzline': I love Python!
2025-01-21 08:46:23.419 | INFO     | __main__:process_message:62 - Processing message: I love Python!
2025-01-21 08:46:24.416 | INFO     | __main__:generate_messages:77 - Generated buzz: Kafka is awesome.
2025-01-21 08:46:24.417 | INFO     | __main__:generate_messages:79 - Sent message to topic 'buzzline': Kafka is awesome.
2025-01-21 08:46:24.427 | INFO     | __main__:process_message:62 - Processing message: Kafka is awesome.
2025-01-21 08:46:25.423 | INFO     | __main__:generate_messages:77 - Generated buzz: Streaming data is fun.
2025-01-21 08:46:25.424 | INFO     | __main__:generate_messages:79 - Sent message to topic 'buzzline': Streaming data is fun.
2025-01-21 08:46:25.433 | INFO     | __main__:process_message:62 - Processing message: Streaming data is fun.
2025-01-21 08:46:26.430 | INFO     | __main__:generate_messages:77 - Generated buzz: This is a buzz message.
2025-01-21 08:46:26.431 | INFO     | __main__:generate_messages:79 - Sent message to topic 'buzzline': This is a buzz message.
2025-01-21 08:46:26.442 | INFO     | __main__:process_message:62 - Processing message: This is a buzz message.
2025-01-21 08:46:27.437 | INFO     | __main__:generate_messages:77 - Generated buzz: Have a great day!
2025-01-21 08:46:27.437 | INFO     | __main__:generate_messages:79 - Sent message to topic 'buzzline': Have a great day!
2025-01-21 08:46:27.447 | INFO     | __main__:process_message:62 - Processing message: Have a great day!
2025-01-21 08:46:28.444 | INFO     | __main__:generate_messages:77 - Generated buzz: I love Python!
2025-01-21 08:46:28.444 | INFO     | __main__:generate_messages:79 - Sent message to topic 'buzzline': I love Python!
2025-01-21 08:46:28.451 | INFO     | __main__:process_message:62 - Processing message: I love Python!
2025-01-21 08:46:29.450 | INFO     | __main__:generate_messages:77 - Generated buzz: Kafka is awesome.
2025-01-21 08:46:29.451 | INFO     | __main__:generate_messages:79 - Sent message to topic 'buzzline': Kafka is awesome.
2025-01-21 08:46:29.464 | INFO     | __main__:process_message:62 - Processing message: Kafka is awesome.
2025-01-21 08:46:30.458 | INFO     | __main__:generate_messages:77 - Generated buzz: Streaming data is fun.
2025-01-21 08:46:30.459 | INFO     | __main__:generate_messages:79 - Sent message to topic 'buzzline': Streaming data is fun.
2025-01-21 08:46:30.465 | INFO     | __main__:process_message:62 - Processing message: Streaming data is fun.
2025-01-21 08:46:31.464 | INFO     | __main__:generate_messages:77 - Generated buzz: This is a buzz message.
2025-01-21 08:46:31.465 | INFO     | __main__:generate_messages:79 - Sent message to topic 'buzzline': This is a buzz message.
2025-01-21 08:46:31.473 | INFO     | __main__:process_message:62 - Processing message: This is a buzz message.
2025-01-21 08:46:32.471 | INFO     | __main__:generate_messages:77 - Generated buzz: Have a great day!
2025-01-21 08:46:32.471 | INFO     | __main__:generate_messages:79 - Sent message to topic 'buzzline': Have a great day!
2025-01-21 08:46:32.477 | INFO     | __main__:process_message:62 - Processing message: Have a great day!
2025-01-21 08:46:33.472 | INFO     | __main__:generate_messages:77 - Generated buzz: I love Python!
2025-01-21 08:46:33.472 | INFO     | __main__:generate_messages:79 - Sent message to topic 'buzzline': I love Python!
2025-01-21 08:46:33.481 | INFO     | __main__:process_message:62 - Processing message: I love Python!
2025-01-21 08:46:34.478 | INFO     | __main__:generate_messages:77 - Generated buzz: Kafka is awesome.
2025-01-21 08:46:34.479 | INFO     | __main__:generate_messages:79 - Sent message to topic 'buzzline': Kafka is awesome.
2025-01-21 08:46:34.491 | INFO     | __main__:process_message:62 - Processing message: Kafka is awesome.
2025-01-21 08:46:35.482 | INFO     | __main__:generate_messages:77 - Generated buzz: Streaming data is fun.
2025-01-21 08:46:35.483 | INFO     | __main__:generate_messages:79 - Sent message to topic 'buzzline': Streaming data is fun.
2025-01-21 08:46:35.491 | INFO     | __main__:process_message:62 - Processing message: Streaming data is fun.
2025-01-21 08:46:36.488 | INFO     | __main__:generate_messages:77 - Generated buzz: This is a buzz message.
2025-01-21 08:46:36.490 | INFO     | __main__:generate_messages:79 - Sent message to topic 'buzzline': This is a buzz message.
2025-01-21 08:46:36.499 | INFO     | __main__:process_message:62 - Processing message: This is a buzz message.
2025-01-21 08:46:37.492 | INFO     | __main__:generate_messages:77 - Generated buzz: Have a great day!
2025-01-21 08:46:37.493 | INFO     | __main__:generate_messages:79 - Sent message to topic 'buzzline': Have a great day!
2025-01-21 08:46:37.500 | INFO     | __main__:process_message:62 - Processing message: Have a great day!
2025-01-21 08:46:38.499 | INFO     | __main__:generate_messages:77 - Generated buzz: I love Python!
2025-01-21 08:46:38.500 | INFO     | __main__:generate_messages:79 - Sent message to topic 'buzzline': I love Python!
2025-01-21 08:46:38.507 | INFO     | __main__:process_message:62 - Processing message: I love Python!
2025-01-21 08:46:39.504 | INFO     | __main__:generate_messages:77 - Generated buzz: Kafka is awesome.
2025-01-21 08:46:39.506 | INFO     | __main__:generate_messages:79 - Sent message to topic 'buzzline': Kafka is awesome.
2025-01-21 08:46:39.515 | INFO     | __main__:process_message:62 - Processing message: Kafka is awesome.
2025-01-21 08:46:40.507 | INFO     | __main__:generate_messages:77 - Generated buzz: Streaming data is fun.
2025-01-21 08:46:40.508 | INFO     | __main__:generate_messages:79 - Sent message to topic 'buzzline': Streaming data is fun.
2025-01-21 08:46:40.512 | INFO     | __main__:process_message:62 - Processing message: Streaming data is fun.
2025-01-21 08:46:41.513 | INFO     | __main__:generate_messages:77 - Generated buzz: This is a buzz message.
2025-01-21 08:46:41.515 | INFO     | __main__:generate_messages:79 - Sent message to topic 'buzzline': This is a buzz message.
